This file contains any messages produced by compilers while
running configure, to aid debugging if configure makes a mistake.

It was created by pplp configure 1.0, which was
generated by GNU Autoconf 2.69.  Invocation command line was

  $ ./configure 

## --------- ##
## Platform. ##
## --------- ##

hostname = hang-pc
uname -m = x86_64
uname -r = 5.4.0-37-generic
uname -s = Linux
uname -v = #41-Ubuntu SMP Wed Jun 3 18:57:02 UTC 2020

/usr/bin/uname -p = x86_64
/bin/uname -X     = unknown

/bin/arch              = x86_64
/usr/bin/arch -k       = unknown
/usr/convex/getsysinfo = unknown
/usr/bin/hostinfo      = unknown
/bin/machine           = unknown
/usr/bin/oslevel       = unknown
/bin/universe          = unknown

PATH: /usr/local/sbin
PATH: /usr/local/bin
PATH: /usr/sbin
PATH: /usr/bin
PATH: /sbin
PATH: /bin
PATH: /usr/games
PATH: /usr/local/games
PATH: /snap/bin


## ----------- ##
## Core tests. ##
## ----------- ##

configure:2322: checking for a BSD-compatible install
configure:2390: result: /usr/bin/install -c
configure:2401: checking whether build environment is sane
configure:2456: result: yes
configure:2605: checking for a thread-safe mkdir -p
configure:2644: result: /usr/bin/mkdir -p
configure:2651: checking for gawk
configure:2681: result: no
configure:2651: checking for mawk
configure:2667: found /usr/bin/mawk
configure:2678: result: mawk
configure:2689: checking whether make sets $(MAKE)
configure:2711: result: yes
configure:2740: checking whether make supports nested variables
configure:2757: result: yes
configure:2888: checking whether make supports the include directive
configure:2903: make -f confmf.GNU && cat confinc.out
this is the am__doit target
configure:2906: $? = 0
configure:2925: result: yes (GNU style)
configure:2995: checking for gcc
configure:3011: found /usr/bin/gcc
configure:3022: result: gcc
configure:3251: checking for C compiler version
configure:3260: gcc --version >&5
gcc (Ubuntu 9.3.0-10ubuntu2) 9.3.0
Copyright (C) 2019 Free Software Foundation, Inc.
This is free software; see the source for copying conditions.  There is NO
warranty; not even for MERCHANTABILITY or FITNESS FOR A PARTICULAR PURPOSE.

configure:3271: $? = 0
configure:3260: gcc -v >&5
Using built-in specs.
COLLECT_GCC=gcc
COLLECT_LTO_WRAPPER=/usr/lib/gcc/x86_64-linux-gnu/9/lto-wrapper
OFFLOAD_TARGET_NAMES=nvptx-none:hsa
OFFLOAD_TARGET_DEFAULT=1
Target: x86_64-linux-gnu
Configured with: ../src/configure -v --with-pkgversion='Ubuntu 9.3.0-10ubuntu2' --with-bugurl=file:///usr/share/doc/gcc-9/README.Bugs --enable-languages=c,ada,c++,go,brig,d,fortran,objc,obj-c++,gm2 --prefix=/usr --with-gcc-major-version-only --program-suffix=-9 --program-prefix=x86_64-linux-gnu- --enable-shared --enable-linker-build-id --libexecdir=/usr/lib --without-included-gettext --enable-threads=posix --libdir=/usr/lib --enable-nls --enable-clocale=gnu --enable-libstdcxx-debug --enable-libstdcxx-time=yes --with-default-libstdcxx-abi=new --enable-gnu-unique-object --disable-vtable-verify --enable-plugin --enable-default-pie --with-system-zlib --with-target-system-zlib=auto --enable-objc-gc=auto --enable-multiarch --disable-werror --with-arch-32=i686 --with-abi=m64 --with-multilib-list=m32,m64,mx32 --enable-multilib --with-tune=generic --enable-offload-targets=nvptx-none,hsa --without-cuda-driver --enable-checking=release --build=x86_64-linux-gnu --host=x86_64-linux-gnu --target=x86_64-linux-gnu
Thread model: posix
gcc version 9.3.0 (Ubuntu 9.3.0-10ubuntu2) 
configure:3271: $? = 0
configure:3260: gcc -V >&5
gcc: error: unrecognized command line option '-V'
gcc: fatal error: no input files
compilation terminated.
configure:3271: $? = 1
configure:3260: gcc -qversion >&5
gcc: error: unrecognized command line option '-qversion'; did you mean '--version'?
gcc: fatal error: no input files
compilation terminated.
configure:3271: $? = 1
configure:3291: checking whether the C compiler works
configure:3313: gcc    conftest.c  >&5
configure:3317: $? = 0
configure:3365: result: yes
configure:3368: checking for C compiler default output file name
configure:3370: result: a.out
configure:3376: checking for suffix of executables
configure:3383: gcc -o conftest    conftest.c  >&5
configure:3387: $? = 0
configure:3409: result: 
configure:3431: checking whether we are cross compiling
configure:3439: gcc -o conftest    conftest.c  >&5
configure:3443: $? = 0
configure:3450: ./conftest
configure:3454: $? = 0
configure:3442: result: no
configure:3447: checking for suffix of object files
configure:3469: gcc -c   conftest.c >&5
configure:3473: $? = 0
configure:3494: result: o
configure:3498: checking whether we are using the GNU C compiler
configure:3517: gcc -c   conftest.c >&5
configure:3517: $? = 0
configure:3526: result: yes
configure:3535: checking whether gcc accepts -g
configure:3555: gcc -c -g  conftest.c >&5
configure:3555: $? = 0
configure:3596: result: yes
configure:3613: checking for gcc option to accept ISO C89
configure:3676: gcc  -c -g -O2  conftest.c >&5
configure:3676: $? = 0
configure:3689: result: none needed
configure:3714: checking whether gcc understands -c and -o together
configure:3736: gcc -c conftest.c -o conftest2.o
configure:3739: $? = 0
configure:3736: gcc -c conftest.c -o conftest2.o
configure:3739: $? = 0
configure:3751: result: yes
configure:3770: checking dependency style of gcc
configure:3881: result: gcc3
configure:3901: checking how to run the C preprocessor
configure:3932: gcc -E  conftest.c
configure:3932: $? = 0
configure:3946: gcc -E  conftest.c
conftest.c:11:10: fatal error: ac_nonexistent.h: No such file or directory
   11 | #include <ac_nonexistent.h>
      |          ^~~~~~~~~~~~~~~~~~
compilation terminated.
configure:3946: $? = 1
configure: failed program was:
| /* confdefs.h */
| #define PACKAGE_NAME "pplp"
| #define PACKAGE_TARNAME "pplp"
| #define PACKAGE_VERSION "1.0"
| #define PACKAGE_STRING "pplp 1.0"
| #define PACKAGE_BUGREPORT ""
| #define PACKAGE_URL ""
| #define PACKAGE "pplp"
| #define VERSION "1.0"
| /* end confdefs.h.  */
| #include <ac_nonexistent.h>
configure:3971: result: gcc -E
configure:3991: gcc -E  conftest.c
configure:3991: $? = 0
configure:4005: gcc -E  conftest.c
conftest.c:11:10: fatal error: ac_nonexistent.h: No such file or directory
   11 | #include <ac_nonexistent.h>
      |          ^~~~~~~~~~~~~~~~~~
compilation terminated.
configure:4005: $? = 1
configure: failed program was:
| /* confdefs.h */
| #define PACKAGE_NAME "pplp"
| #define PACKAGE_TARNAME "pplp"
| #define PACKAGE_VERSION "1.0"
| #define PACKAGE_STRING "pplp 1.0"
| #define PACKAGE_BUGREPORT ""
| #define PACKAGE_URL ""
| #define PACKAGE "pplp"
| #define VERSION "1.0"
| /* end confdefs.h.  */
| #include <ac_nonexistent.h>
configure:4091: checking for g++
configure:4107: found /usr/bin/g++
configure:4118: result: g++
configure:4145: checking for C++ compiler version
configure:4154: g++ --version >&5
g++ (Ubuntu 9.3.0-10ubuntu2) 9.3.0
Copyright (C) 2019 Free Software Foundation, Inc.
This is free software; see the source for copying conditions.  There is NO
warranty; not even for MERCHANTABILITY or FITNESS FOR A PARTICULAR PURPOSE.

configure:4165: $? = 0
configure:4154: g++ -v >&5
Using built-in specs.
COLLECT_GCC=g++
COLLECT_LTO_WRAPPER=/usr/lib/gcc/x86_64-linux-gnu/9/lto-wrapper
OFFLOAD_TARGET_NAMES=nvptx-none:hsa
OFFLOAD_TARGET_DEFAULT=1
Target: x86_64-linux-gnu
Configured with: ../src/configure -v --with-pkgversion='Ubuntu 9.3.0-10ubuntu2' --with-bugurl=file:///usr/share/doc/gcc-9/README.Bugs --enable-languages=c,ada,c++,go,brig,d,fortran,objc,obj-c++,gm2 --prefix=/usr --with-gcc-major-version-only --program-suffix=-9 --program-prefix=x86_64-linux-gnu- --enable-shared --enable-linker-build-id --libexecdir=/usr/lib --without-included-gettext --enable-threads=posix --libdir=/usr/lib --enable-nls --enable-clocale=gnu --enable-libstdcxx-debug --enable-libstdcxx-time=yes --with-default-libstdcxx-abi=new --enable-gnu-unique-object --disable-vtable-verify --enable-plugin --enable-default-pie --with-system-zlib --with-target-system-zlib=auto --enable-objc-gc=auto --enable-multiarch --disable-werror --with-arch-32=i686 --with-abi=m64 --with-multilib-list=m32,m64,mx32 --enable-multilib --with-tune=generic --enable-offload-targets=nvptx-none,hsa --without-cuda-driver --enable-checking=release --build=x86_64-linux-gnu --host=x86_64-linux-gnu --target=x86_64-linux-gnu
Thread model: posix
gcc version 9.3.0 (Ubuntu 9.3.0-10ubuntu2) 
configure:4165: $? = 0
configure:4154: g++ -V >&5
g++: error: unrecognized command line option '-V'
g++: fatal error: no input files
compilation terminated.
configure:4165: $? = 1
configure:4154: g++ -qversion >&5
g++: error: unrecognized command line option '-qversion'; did you mean '--version'?
g++: fatal error: no input files
compilation terminated.
configure:4165: $? = 1
configure:4169: checking whether we are using the GNU C++ compiler
configure:4188: g++ -c   conftest.cpp >&5
configure:4188: $? = 0
configure:4197: result: yes
configure:4206: checking whether g++ accepts -g
configure:4226: g++ -c -g  conftest.cpp >&5
configure:4226: $? = 0
configure:4267: result: yes
configure:4292: checking dependency style of g++
configure:4403: result: gcc3
configure:4447: checking build system type
configure:4461: result: x86_64-pc-linux-gnu
configure:4481: checking host system type
configure:4494: result: x86_64-pc-linux-gnu
configure:4535: checking how to print strings
configure:4562: result: printf
configure:4583: checking for a sed that does not truncate output
configure:4647: result: /usr/bin/sed
configure:4665: checking for grep that handles long lines and -e
configure:4723: result: /usr/bin/grep
configure:4728: checking for egrep
configure:4790: result: /usr/bin/grep -E
configure:4795: checking for fgrep
configure:4857: result: /usr/bin/grep -F
configure:4892: checking for ld used by gcc
configure:4959: result: /usr/bin/ld
configure:4966: checking if the linker (/usr/bin/ld) is GNU ld
configure:4981: result: yes
configure:4993: checking for BSD- or MS-compatible name lister (nm)
configure:5047: result: /usr/bin/nm -B
configure:5177: checking the name lister (/usr/bin/nm -B) interface
configure:5184: gcc -c -g -O2  conftest.c >&5
configure:5187: /usr/bin/nm -B "conftest.o"
configure:5190: output
0000000000000000 B some_variable
configure:5191: result: BSD nm
configure:5194: checking whether ln -s works
configure:5198: result: yes
configure:5206: checking the maximum length of command line arguments
configure:5337: result: 1572864
configure:5385: checking how to convert x86_64-pc-linux-gnu file names to x86_64-pc-linux-gnu format
configure:5425: result: func_convert_file_noop
configure:5432: checking how to convert x86_64-pc-linux-gnu file names to toolchain format
configure:5452: result: func_convert_file_noop
configure:5459: checking for /usr/bin/ld option to reload object files
configure:5466: result: -r
configure:5540: checking for objdump
configure:5556: found /usr/bin/objdump
configure:5567: result: objdump
configure:5599: checking how to recognize dependent libraries
configure:5799: result: pass_all
configure:5884: checking for dlltool
configure:5914: result: no
configure:5944: checking how to associate runtime and link libraries
configure:5971: result: printf %s\n
configure:6032: checking for ar
configure:6048: found /usr/bin/ar
configure:6059: result: ar
configure:6096: checking for archiver @FILE support
configure:6113: gcc -c -g -O2  conftest.c >&5
configure:6113: $? = 0
configure:6116: ar cr libconftest.a @conftest.lst >&5
configure:6119: $? = 0
configure:6124: ar cr libconftest.a @conftest.lst >&5
ar: conftest.o: No such file or directory
configure:6127: $? = 1
configure:6126: result: @
configure:6184: checking for strip
configure:6200: found /usr/bin/strip
configure:6211: result: strip
configure:6283: checking for ranlib
configure:6299: found /usr/bin/ranlib
configure:6310: result: ranlib
configure:6412: checking command to parse /usr/bin/nm -B output from gcc object
configure:6565: gcc -c -g -O2  conftest.c >&5
configure:6568: $? = 0
configure:6572: /usr/bin/nm -B conftest.o | sed -n -e 's/^.*[	 ]\([ABCDGIRSTW][ABCDGIRSTW]*\)[	 ][	 ]*\([_A-Za-z][_A-Za-z0-9]*\)$/\1 \2 \2/p' | sed '/ __gnu_lto/d' > conftest.nm
configure:6638: gcc -o conftest -g -O2   conftest.c conftstm.o >&5
configure:6641: $? = 0
configure:6679: result: ok
configure:6726: checking for sysroot
configure:6756: result: no
configure:6763: checking for a working dd
configure:6801: result: /usr/bin/dd
configure:6805: checking how to truncate binary pipes
configure:6820: result: /usr/bin/dd bs=4096 count=1
configure:6956: gcc -c -g -O2  conftest.c >&5
configure:6959: $? = 0
configure:7149: checking for mt
configure:7165: found /usr/bin/mt
configure:7176: result: mt
configure:7199: checking if mt is a manifest tool
configure:7205: mt '-?'
configure:7213: result: no
configure:7886: checking for ANSI C header files
configure:7906: gcc -c -g -O2  conftest.c >&5
configure:7906: $? = 0
configure:7979: gcc -o conftest -g -O2   conftest.c  >&5
configure:7979: $? = 0
configure:7979: ./conftest
configure:7979: $? = 0
configure:7990: result: yes
configure:8003: checking for sys/types.h
configure:8003: gcc -c -g -O2  conftest.c >&5
configure:8003: $? = 0
configure:8003: result: yes
configure:8003: checking for sys/stat.h
configure:8003: gcc -c -g -O2  conftest.c >&5
configure:8003: $? = 0
configure:8003: result: yes
configure:8003: checking for stdlib.h
configure:8003: gcc -c -g -O2  conftest.c >&5
configure:8003: $? = 0
configure:8003: result: yes
configure:8003: checking for string.h
configure:8003: gcc -c -g -O2  conftest.c >&5
configure:8003: $? = 0
configure:8003: result: yes
configure:8003: checking for memory.h
configure:8003: gcc -c -g -O2  conftest.c >&5
configure:8003: $? = 0
configure:8003: result: yes
configure:8003: checking for strings.h
configure:8003: gcc -c -g -O2  conftest.c >&5
configure:8003: $? = 0
configure:8003: result: yes
configure:8003: checking for inttypes.h
configure:8003: gcc -c -g -O2  conftest.c >&5
configure:8003: $? = 0
configure:8003: result: yes
configure:8003: checking for stdint.h
configure:8003: gcc -c -g -O2  conftest.c >&5
configure:8003: $? = 0
configure:8003: result: yes
configure:8003: checking for unistd.h
configure:8003: gcc -c -g -O2  conftest.c >&5
configure:8003: $? = 0
configure:8003: result: yes
configure:8017: checking for dlfcn.h
configure:8017: gcc -c -g -O2  conftest.c >&5
configure:8017: $? = 0
configure:8017: result: yes
configure:8284: checking for objdir
configure:8299: result: .libs
configure:8563: checking if gcc supports -fno-rtti -fno-exceptions
configure:8581: gcc -c -g -O2  -fno-rtti -fno-exceptions conftest.c >&5
cc1: warning: command line option '-fno-rtti' is valid for C++/D/ObjC++ but not for C
configure:8585: $? = 0
configure:8598: result: no
configure:8962: checking for gcc option to produce PIC
configure:8969: result: -fPIC -DPIC
configure:8977: checking if gcc PIC flag -fPIC -DPIC works
configure:8995: gcc -c -g -O2  -fPIC -DPIC -DPIC conftest.c >&5
configure:8999: $? = 0
configure:9012: result: yes
configure:9041: checking if gcc static flag -static works
configure:9069: result: yes
configure:9084: checking if gcc supports -c -o file.o
configure:9105: gcc -c -g -O2  -o out/conftest2.o conftest.c >&5
configure:9109: $? = 0
configure:9131: result: yes
configure:9139: checking if gcc supports -c -o file.o
configure:9186: result: yes
configure:9219: checking whether the gcc linker (/usr/bin/ld -m elf_x86_64) supports shared libraries
configure:10482: result: yes
configure:10519: checking whether -lc should be explicitly linked in
configure:10527: gcc -c -g -O2  conftest.c >&5
configure:10530: $? = 0
configure:10545: gcc -shared  -fPIC -DPIC conftest.o  -v -Wl,-soname -Wl,conftest -o conftest 2\>\&1 \| /usr/bin/grep  -lc  \>/dev/null 2\>\&1
configure:10548: $? = 0
configure:10562: result: no
configure:10722: checking dynamic linker characteristics
configure:11303: gcc -o conftest -g -O2   -Wl,-rpath -Wl,/foo conftest.c  >&5
configure:11303: $? = 0
configure:11552: result: GNU/Linux ld.so
configure:11674: checking how to hardcode library paths into programs
configure:11699: result: immediate
configure:12247: checking whether stripping libraries is possible
configure:12252: result: yes
configure:12287: checking if libtool supports shared libraries
configure:12289: result: yes
configure:12292: checking whether to build shared libraries
configure:12317: result: yes
configure:12320: checking whether to build static libraries
configure:12324: result: yes
configure:9123: checking how to run the C++ preprocessor
configure:9150: g++ -E  conftest.cpp
configure:9150: $? = 0
configure:9164: g++ -E  conftest.cpp
conftest.cpp:23:10: fatal error: ac_nonexistent.h: No such file or directory
   23 | #include <ac_nonexistent.h>
      |          ^~~~~~~~~~~~~~~~~~
compilation terminated.
configure:9164: $? = 1
configure: failed program was:
| /* confdefs.h */
| #define PACKAGE_NAME "pplp"
| #define PACKAGE_TARNAME "pplp"
| #define PACKAGE_VERSION "1.0"
| #define PACKAGE_STRING "pplp 1.0"
| #define PACKAGE_BUGREPORT ""
| #define PACKAGE_URL ""
| #define PACKAGE "pplp"
| #define VERSION "1.0"
| #define STDC_HEADERS 1
| #define HAVE_SYS_TYPES_H 1
| #define HAVE_SYS_STAT_H 1
| #define HAVE_STDLIB_H 1
| #define HAVE_STRING_H 1
| #define HAVE_MEMORY_H 1
| #define HAVE_STRINGS_H 1
| #define HAVE_INTTYPES_H 1
| #define HAVE_STDINT_H 1
| #define HAVE_UNISTD_H 1
| #define HAVE_DLFCN_H 1
| #define LT_OBJDIR ".libs/"
| /* end confdefs.h.  */
| #include <ac_nonexistent.h>
configure:9189: result: g++ -E
configure:9209: g++ -E  conftest.cpp
configure:9209: $? = 0
configure:9223: g++ -E  conftest.cpp
conftest.cpp:23:10: fatal error: ac_nonexistent.h: No such file or directory
   23 | #include <ac_nonexistent.h>
      |          ^~~~~~~~~~~~~~~~~~
compilation terminated.
configure:9223: $? = 1
configure: failed program was:
| /* confdefs.h */
| #define PACKAGE_NAME "pplp"
| #define PACKAGE_TARNAME "pplp"
| #define PACKAGE_VERSION "1.0"
| #define PACKAGE_STRING "pplp 1.0"
| #define PACKAGE_BUGREPORT ""
| #define PACKAGE_URL ""
| #define PACKAGE "pplp"
| #define VERSION "1.0"
| #define STDC_HEADERS 1
| #define HAVE_SYS_TYPES_H 1
| #define HAVE_SYS_STAT_H 1
| #define HAVE_STDLIB_H 1
| #define HAVE_STRING_H 1
| #define HAVE_MEMORY_H 1
| #define HAVE_STRINGS_H 1
| #define HAVE_INTTYPES_H 1
| #define HAVE_STDINT_H 1
| #define HAVE_UNISTD_H 1
| #define HAVE_DLFCN_H 1
| #define LT_OBJDIR ".libs/"
| /* end confdefs.h.  */
| #include <ac_nonexistent.h>
configure:9385: checking for ld used by g++
configure:9452: result: /usr/bin/ld -m elf_x86_64
configure:9459: checking if the linker (/usr/bin/ld -m elf_x86_64) is GNU ld
configure:9474: result: yes
configure:9529: checking whether the g++ linker (/usr/bin/ld -m elf_x86_64) supports shared libraries
configure:10602: result: yes
configure:10638: g++ -c -g -O2  conftest.cpp >&5
configure:10641: $? = 0
configure:11122: checking for g++ option to produce PIC
configure:11129: result: -fPIC -DPIC
configure:11137: checking if g++ PIC flag -fPIC -DPIC works
configure:11155: g++ -c -g -O2  -fPIC -DPIC -DPIC conftest.cpp >&5
configure:11159: $? = 0
configure:11172: result: yes
configure:11195: checking if g++ static flag -static works
configure:11223: result: yes
configure:11235: checking if g++ supports -c -o file.o
configure:11256: g++ -c -g -O2  -o out/conftest2.o conftest.cpp >&5
configure:11260: $? = 0
configure:11282: result: yes
configure:11287: checking if g++ supports -c -o file.o
configure:11334: result: yes
configure:11364: checking whether the g++ linker (/usr/bin/ld -m elf_x86_64) supports shared libraries
configure:11407: result: yes
configure:11548: checking dynamic linker characteristics
configure:12305: result: GNU/Linux ld.so
configure:12370: checking how to hardcode library paths into programs
configure:12395: result: immediate
configure:11299: checking library for parallelism
configure:11309: result: tbb
configure:11327: checking whether to use rational checker
configure:11331: result: yes
configure:11349: checking the level of debug logs
configure:11372: result: 0, turn off
configure:11387: checking whether to use ratinoal PLP algorithm
configure:11394: result: no
configure:11410: checking whether to use apron library
configure:11417: result: no
configure:11429: checking for library containing exp
configure:11460: gcc -o conftest -g -O2  -D_TBB -DPLP_CHECKER_ON  conftest.c -ltbb  >&5
conftest.c:30:6: warning: conflicting types for built-in function 'exp'; expected 'double(double)' [-Wbuiltin-declaration-mismatch]
   30 | char exp ();
      |      ^~~
conftest.c:1:1: note: 'exp' is declared in header '<math.h>'
    1 | /* confdefs.h */
/usr/bin/ld: /tmp/cclQCAIs.o: in function `main':
/home/hang/program/pplp/conftest.c:34: undefined reference to `exp'
collect2: error: ld returned 1 exit status
configure:11460: $? = 1
configure: failed program was:
| /* confdefs.h */
| #define PACKAGE_NAME "pplp"
| #define PACKAGE_TARNAME "pplp"
| #define PACKAGE_VERSION "1.0"
| #define PACKAGE_STRING "pplp 1.0"
| #define PACKAGE_BUGREPORT ""
| #define PACKAGE_URL ""
| #define PACKAGE "pplp"
| #define VERSION "1.0"
| #define STDC_HEADERS 1
| #define HAVE_SYS_TYPES_H 1
| #define HAVE_SYS_STAT_H 1
| #define HAVE_STDLIB_H 1
| #define HAVE_STRING_H 1
| #define HAVE_MEMORY_H 1
| #define HAVE_STRINGS_H 1
| #define HAVE_INTTYPES_H 1
| #define HAVE_STDINT_H 1
| #define HAVE_UNISTD_H 1
| #define HAVE_DLFCN_H 1
| #define LT_OBJDIR ".libs/"
| /* end confdefs.h.  */
| 
| /* Override any GCC internal prototype to avoid an error.
|    Use char because int might match the return type of a GCC
|    builtin and then its argument prototype would still apply.  */
| #ifdef __cplusplus
| extern "C"
| #endif
| char exp ();
| int
| main ()
| {
| return exp ();
|   ;
|   return 0;
| }
configure:11460: gcc -o conftest -g -O2  -D_TBB -DPLP_CHECKER_ON  conftest.c -lm  -ltbb  >&5
conftest.c:30:6: warning: conflicting types for built-in function 'exp'; expected 'double(double)' [-Wbuiltin-declaration-mismatch]
   30 | char exp ();
      |      ^~~
conftest.c:1:1: note: 'exp' is declared in header '<math.h>'
    1 | /* confdefs.h */
configure:11460: $? = 0
configure:11477: result: -lm
configure:11487: checking for library containing glp_simplex
configure:11518: gcc -o conftest -g -O2  -D_TBB -DPLP_CHECKER_ON  conftest.c -lm -ltbb  >&5
/usr/bin/ld: /tmp/cc2512Uv.o: in function `main':
/home/hang/program/pplp/conftest.c:34: undefined reference to `glp_simplex'
collect2: error: ld returned 1 exit status
configure:11518: $? = 1
configure: failed program was:
| /* confdefs.h */
| #define PACKAGE_NAME "pplp"
| #define PACKAGE_TARNAME "pplp"
| #define PACKAGE_VERSION "1.0"
| #define PACKAGE_STRING "pplp 1.0"
| #define PACKAGE_BUGREPORT ""
| #define PACKAGE_URL ""
| #define PACKAGE "pplp"
| #define VERSION "1.0"
| #define STDC_HEADERS 1
| #define HAVE_SYS_TYPES_H 1
| #define HAVE_SYS_STAT_H 1
| #define HAVE_STDLIB_H 1
| #define HAVE_STRING_H 1
| #define HAVE_MEMORY_H 1
| #define HAVE_STRINGS_H 1
| #define HAVE_INTTYPES_H 1
| #define HAVE_STDINT_H 1
| #define HAVE_UNISTD_H 1
| #define HAVE_DLFCN_H 1
| #define LT_OBJDIR ".libs/"
| /* end confdefs.h.  */
| 
| /* Override any GCC internal prototype to avoid an error.
|    Use char because int might match the return type of a GCC
|    builtin and then its argument prototype would still apply.  */
| #ifdef __cplusplus
| extern "C"
| #endif
| char glp_simplex ();
| int
| main ()
| {
| return glp_simplex ();
|   ;
|   return 0;
| }
configure:11518: gcc -o conftest -g -O2  -D_TBB -DPLP_CHECKER_ON  conftest.c -lglpk  -lm -ltbb  >&5
configure:11518: $? = 0
configure:11535: result: -lglpk
configure:11545: checking for library containing fmpq_mat_init
configure:11576: gcc -o conftest -g -O2  -D_TBB -DPLP_CHECKER_ON  conftest.c -lglpk -lm -ltbb  >&5
/usr/bin/ld: /tmp/ccOVt8Kk.o: in function `main':
/home/hang/program/pplp/conftest.c:34: undefined reference to `fmpq_mat_init'
collect2: error: ld returned 1 exit status
configure:11576: $? = 1
configure: failed program was:
| /* confdefs.h */
| #define PACKAGE_NAME "pplp"
| #define PACKAGE_TARNAME "pplp"
| #define PACKAGE_VERSION "1.0"
| #define PACKAGE_STRING "pplp 1.0"
| #define PACKAGE_BUGREPORT ""
| #define PACKAGE_URL ""
| #define PACKAGE "pplp"
| #define VERSION "1.0"
| #define STDC_HEADERS 1
| #define HAVE_SYS_TYPES_H 1
| #define HAVE_SYS_STAT_H 1
| #define HAVE_STDLIB_H 1
| #define HAVE_STRING_H 1
| #define HAVE_MEMORY_H 1
| #define HAVE_STRINGS_H 1
| #define HAVE_INTTYPES_H 1
| #define HAVE_STDINT_H 1
| #define HAVE_UNISTD_H 1
| #define HAVE_DLFCN_H 1
| #define LT_OBJDIR ".libs/"
| /* end confdefs.h.  */
| 
| /* Override any GCC internal prototype to avoid an error.
|    Use char because int might match the return type of a GCC
|    builtin and then its argument prototype would still apply.  */
| #ifdef __cplusplus
| extern "C"
| #endif
| char fmpq_mat_init ();
| int
| main ()
| {
| return fmpq_mat_init ();
|   ;
|   return 0;
| }
configure:11576: gcc -o conftest -g -O2  -D_TBB -DPLP_CHECKER_ON  conftest.c -lflint  -lglpk -lm -ltbb  >&5
/usr/bin/ld: cannot find -lflint
collect2: error: ld returned 1 exit status
configure:11576: $? = 1
configure: failed program was:
| /* confdefs.h */
| #define PACKAGE_NAME "pplp"
| #define PACKAGE_TARNAME "pplp"
| #define PACKAGE_VERSION "1.0"
| #define PACKAGE_STRING "pplp 1.0"
| #define PACKAGE_BUGREPORT ""
| #define PACKAGE_URL ""
| #define PACKAGE "pplp"
| #define VERSION "1.0"
| #define STDC_HEADERS 1
| #define HAVE_SYS_TYPES_H 1
| #define HAVE_SYS_STAT_H 1
| #define HAVE_STDLIB_H 1
| #define HAVE_STRING_H 1
| #define HAVE_MEMORY_H 1
| #define HAVE_STRINGS_H 1
| #define HAVE_INTTYPES_H 1
| #define HAVE_STDINT_H 1
| #define HAVE_UNISTD_H 1
| #define HAVE_DLFCN_H 1
| #define LT_OBJDIR ".libs/"
| /* end confdefs.h.  */
| 
| /* Override any GCC internal prototype to avoid an error.
|    Use char because int might match the return type of a GCC
|    builtin and then its argument prototype would still apply.  */
| #ifdef __cplusplus
| extern "C"
| #endif
| char fmpq_mat_init ();
| int
| main ()
| {
| return fmpq_mat_init ();
|   ;
|   return 0;
| }
configure:11593: result: no
configure:11600: error: Cannot find flint library.

## ---------------- ##
## Cache variables. ##
## ---------------- ##

ac_cv_build=x86_64-pc-linux-gnu
ac_cv_c_compiler_gnu=yes
ac_cv_cxx_compiler_gnu=yes
ac_cv_env_CCC_set=
ac_cv_env_CCC_value=
ac_cv_env_CC_set=
ac_cv_env_CC_value=
ac_cv_env_CFLAGS_set=
ac_cv_env_CFLAGS_value=
ac_cv_env_CPPFLAGS_set=
ac_cv_env_CPPFLAGS_value=
ac_cv_env_CPP_set=
ac_cv_env_CPP_value=
ac_cv_env_CXXCPP_set=
ac_cv_env_CXXCPP_value=
ac_cv_env_CXXFLAGS_set=
ac_cv_env_CXXFLAGS_value=
ac_cv_env_CXX_set=
ac_cv_env_CXX_value=
ac_cv_env_LDFLAGS_set=
ac_cv_env_LDFLAGS_value=
ac_cv_env_LIBS_set=
ac_cv_env_LIBS_value=
ac_cv_env_LT_SYS_LIBRARY_PATH_set=
ac_cv_env_LT_SYS_LIBRARY_PATH_value=
ac_cv_env_build_alias_set=
ac_cv_env_build_alias_value=
ac_cv_env_host_alias_set=
ac_cv_env_host_alias_value=
ac_cv_env_target_alias_set=
ac_cv_env_target_alias_value=
ac_cv_header_dlfcn_h=yes
ac_cv_header_inttypes_h=yes
ac_cv_header_memory_h=yes
ac_cv_header_stdc=yes
ac_cv_header_stdint_h=yes
ac_cv_header_stdlib_h=yes
ac_cv_header_string_h=yes
ac_cv_header_strings_h=yes
ac_cv_header_sys_stat_h=yes
ac_cv_header_sys_types_h=yes
ac_cv_header_unistd_h=yes
ac_cv_host=x86_64-pc-linux-gnu
ac_cv_objext=o
ac_cv_path_EGREP='/usr/bin/grep -E'
ac_cv_path_FGREP='/usr/bin/grep -F'
ac_cv_path_GREP=/usr/bin/grep
ac_cv_path_SED=/usr/bin/sed
ac_cv_path_install='/usr/bin/install -c'
ac_cv_path_lt_DD=/usr/bin/dd
ac_cv_path_mkdir=/usr/bin/mkdir
ac_cv_prog_AWK=mawk
ac_cv_prog_CPP='gcc -E'
ac_cv_prog_CXXCPP='g++ -E'
ac_cv_prog_ac_ct_AR=ar
ac_cv_prog_ac_ct_CC=gcc
ac_cv_prog_ac_ct_CXX=g++
ac_cv_prog_ac_ct_MANIFEST_TOOL=mt
ac_cv_prog_ac_ct_OBJDUMP=objdump
ac_cv_prog_ac_ct_RANLIB=ranlib
ac_cv_prog_ac_ct_STRIP=strip
ac_cv_prog_cc_c89=
ac_cv_prog_cc_g=yes
ac_cv_prog_cxx_g=yes
ac_cv_prog_make_make_set=yes
ac_cv_search_exp=-lm
ac_cv_search_fmpq_mat_init=no
ac_cv_search_glp_simplex=-lglpk
am_cv_CC_dependencies_compiler_type=gcc3
am_cv_CXX_dependencies_compiler_type=gcc3
am_cv_make_support_nested_variables=yes
am_cv_prog_cc_c_o=yes
lt_cv_ar_at_file=@
lt_cv_archive_cmds_need_lc=no
lt_cv_deplibs_check_method=pass_all
lt_cv_file_magic_cmd='$MAGIC_CMD'
lt_cv_file_magic_test_file=
lt_cv_ld_reload_flag=-r
lt_cv_nm_interface='BSD nm'
lt_cv_objdir=.libs
lt_cv_path_LD=/usr/bin/ld
lt_cv_path_LDCXX='/usr/bin/ld -m elf_x86_64'
lt_cv_path_NM='/usr/bin/nm -B'
lt_cv_path_mainfest_tool=no
lt_cv_prog_compiler_c_o=yes
lt_cv_prog_compiler_c_o_CXX=yes
lt_cv_prog_compiler_pic='-fPIC -DPIC'
lt_cv_prog_compiler_pic_CXX='-fPIC -DPIC'
lt_cv_prog_compiler_pic_works=yes
lt_cv_prog_compiler_pic_works_CXX=yes
lt_cv_prog_compiler_rtti_exceptions=no
lt_cv_prog_compiler_static_works=yes
lt_cv_prog_compiler_static_works_CXX=yes
lt_cv_prog_gnu_ld=yes
lt_cv_prog_gnu_ldcxx=yes
lt_cv_sharedlib_from_linklib_cmd='printf %s\n'
lt_cv_shlibpath_overrides_runpath=yes
lt_cv_sys_global_symbol_pipe='sed -n -e '\''s/^.*[	 ]\([ABCDGIRSTW][ABCDGIRSTW]*\)[	 ][	 ]*\([_A-Za-z][_A-Za-z0-9]*\)$/\1 \2 \2/p'\'' | sed '\''/ __gnu_lto/d'\'''
lt_cv_sys_global_symbol_to_c_name_address='sed -n -e '\''s/^: \(.*\) .*$/  {"\1", (void *) 0},/p'\'' -e '\''s/^[ABCDGIRSTW][ABCDGIRSTW]* .* \(.*\)$/  {"\1", (void *) \&\1},/p'\'''
lt_cv_sys_global_symbol_to_c_name_address_lib_prefix='sed -n -e '\''s/^: \(.*\) .*$/  {"\1", (void *) 0},/p'\'' -e '\''s/^[ABCDGIRSTW][ABCDGIRSTW]* .* \(lib.*\)$/  {"\1", (void *) \&\1},/p'\'' -e '\''s/^[ABCDGIRSTW][ABCDGIRSTW]* .* \(.*\)$/  {"lib\1", (void *) \&\1},/p'\'''
lt_cv_sys_global_symbol_to_cdecl='sed -n -e '\''s/^T .* \(.*\)$/extern int \1();/p'\'' -e '\''s/^[ABCDGIRSTW][ABCDGIRSTW]* .* \(.*\)$/extern char \1;/p'\'''
lt_cv_sys_global_symbol_to_import=
lt_cv_sys_max_cmd_len=1572864
lt_cv_to_host_file_cmd=func_convert_file_noop
lt_cv_to_tool_file_cmd=func_convert_file_noop
lt_cv_truncate_bin='/usr/bin/dd bs=4096 count=1'

## ----------------- ##
## Output variables. ##
## ----------------- ##

ACLOCAL='${SHELL} /home/hang/program/pplp/missing aclocal-1.16'
AMDEPBACKSLASH='\'
AMDEP_FALSE='#'
AMDEP_TRUE=''
AMTAR='$${TAR-tar}'
AM_BACKSLASH='\'
AM_DEFAULT_V='$(AM_DEFAULT_VERBOSITY)'
AM_DEFAULT_VERBOSITY='1'
AM_V='$(V)'
AR='ar'
AUTOCONF='${SHELL} /home/hang/program/pplp/missing autoconf'
AUTOHEADER='${SHELL} /home/hang/program/pplp/missing autoheader'
AUTOMAKE='${SHELL} /home/hang/program/pplp/missing automake-1.16'
AWK='mawk'
CC='gcc'
CCDEPMODE='depmode=gcc3'
CFLAGS='-g -O2'
CPP='gcc -E'
CPPFLAGS=' -D_TBB -DPLP_CHECKER_ON'
CXX='g++'
CXXCPP='g++ -E'
CXXDEPMODE='depmode=gcc3'
CXXFLAGS='-g -O2'
CYGPATH_W='echo'
DEFS=''
DEPDIR='.deps'
DLLTOOL='false'
DSYMUTIL=''
DUMPBIN=''
ECHO_C=''
ECHO_N='-n'
ECHO_T=''
EGREP='/usr/bin/grep -E'
EXEEXT=''
FGREP='/usr/bin/grep -F'
GREP='/usr/bin/grep'
INSTALL_DATA='${INSTALL} -m 644'
INSTALL_PROGRAM='${INSTALL}'
INSTALL_SCRIPT='${INSTALL}'
INSTALL_STRIP_PROGRAM='$(install_sh) -c -s'
LD='/usr/bin/ld -m elf_x86_64'
LDFLAGS=''
LIBOBJS=''
LIBS='-lglpk -lm -ltbb '
LIBTOOL='$(SHELL) $(top_builddir)/libtool'
LIPO=''
LN_S='ln -s'
LTLIBOBJS=''
LT_SYS_LIBRARY_PATH=''
MAKEINFO='${SHELL} /home/hang/program/pplp/missing makeinfo'
MANIFEST_TOOL=':'
MKDIR_P='/usr/bin/mkdir -p'
NM='/usr/bin/nm -B'
NMEDIT=''
OBJDUMP='objdump'
OBJEXT='o'
OTOOL64=''
OTOOL=''
PACKAGE='pplp'
PACKAGE_BUGREPORT=''
PACKAGE_NAME='pplp'
PACKAGE_STRING='pplp 1.0'
PACKAGE_TARNAME='pplp'
PACKAGE_URL=''
PACKAGE_VERSION='1.0'
PATH_SEPARATOR=':'
RANLIB='ranlib'
SED='/usr/bin/sed'
SET_MAKE=''
SHELL='/bin/bash'
STRIP='strip'
VERSION='1.0'
WITH_APRON_FALSE=''
WITH_APRON_TRUE='#'
ac_ct_AR='ar'
ac_ct_CC='gcc'
ac_ct_CXX='g++'
ac_ct_DUMPBIN=''
am__EXEEXT_FALSE=''
am__EXEEXT_TRUE=''
am__fastdepCC_FALSE='#'
am__fastdepCC_TRUE=''
am__fastdepCXX_FALSE='#'
am__fastdepCXX_TRUE=''
am__include='include'
am__isrc=''
am__leading_dot='.'
am__nodep='_no'
am__quote=''
am__tar='$${TAR-tar} chof - "$$tardir"'
am__untar='$${TAR-tar} xf -'
bindir='${exec_prefix}/bin'
build='x86_64-pc-linux-gnu'
build_alias=''
build_cpu='x86_64'
build_os='linux-gnu'
build_vendor='pc'
datadir='${datarootdir}'
datarootdir='${prefix}/share'
docdir='${datarootdir}/doc/${PACKAGE_TARNAME}'
dvidir='${docdir}'
exec_prefix='NONE'
host='x86_64-pc-linux-gnu'
host_alias=''
host_cpu='x86_64'
host_os='linux-gnu'
host_vendor='pc'
htmldir='${docdir}'
includedir='${prefix}/include'
infodir='${datarootdir}/info'
install_sh='${SHELL} /home/hang/program/pplp/install-sh'
libdir='${exec_prefix}/lib'
libexecdir='${exec_prefix}/libexec'
localedir='${datarootdir}/locale'
localstatedir='${prefix}/var'
mandir='${datarootdir}/man'
mkdir_p='$(MKDIR_P)'
oldincludedir='/usr/include'
pdfdir='${docdir}'
prefix='NONE'
program_transform_name='s,x,x,'
psdir='${docdir}'
runstatedir='${localstatedir}/run'
sbindir='${exec_prefix}/sbin'
sharedstatedir='${prefix}/com'
sysconfdir='${prefix}/etc'
target_alias=''

## ----------- ##
## confdefs.h. ##
## ----------- ##

/* confdefs.h */
#define PACKAGE_NAME "pplp"
#define PACKAGE_TARNAME "pplp"
#define PACKAGE_VERSION "1.0"
#define PACKAGE_STRING "pplp 1.0"
#define PACKAGE_BUGREPORT ""
#define PACKAGE_URL ""
#define PACKAGE "pplp"
#define VERSION "1.0"
#define STDC_HEADERS 1
#define HAVE_SYS_TYPES_H 1
#define HAVE_SYS_STAT_H 1
#define HAVE_STDLIB_H 1
#define HAVE_STRING_H 1
#define HAVE_MEMORY_H 1
#define HAVE_STRINGS_H 1
#define HAVE_INTTYPES_H 1
#define HAVE_STDINT_H 1
#define HAVE_UNISTD_H 1
#define HAVE_DLFCN_H 1
#define LT_OBJDIR ".libs/"

configure: exit 1
